#
# A fatal error has been detected by the Java Runtime Environment:
#
#  EXCEPTION_ACCESS_VIOLATION (0xc0000005) at pc=0x00007ffe54c6d122, pid=16728, tid=19208
#
# JRE version: OpenJDK Runtime Environment JBR-21.0.5+8-631.8-jcef (21.0.5+8) (build 21.0.5+8-b631.8)
# Java VM: OpenJDK 64-Bit Server VM JBR-21.0.5+8-631.8-jcef (21.0.5+8-b631.8, mixed mode, sharing, tiered, compressed oops, compressed class ptrs, g1 gc, windows-amd64)
# Problematic frame:
# V  [jvm.dll+0x88d122]
#
# No core dump will be written. Minidumps are not enabled by default on client versions of Windows
#
# If you would like to submit a bug report, please visit:
#   https://youtrack.jetbrains.com/issues/JBR
#

---------------  S U M M A R Y ------------

Command Line: -Dfile.encoding=UTF-8 -Duser.country=RU -Duser.language=ru -Duser.variant dev.kofeychi.mcgui.test.BasicQuadApplication

Host: AMD Ryzen 9 5900X 12-Core Processor            , 24 cores, 31G,  Windows 10 , 64 bit Build 19041 (10.0.19041.3155)
Time: Mon Mar  9 19:02:26 2026  Windows 10 , 64 bit Build 19041 (10.0.19041.3155) elapsed time: 0.636530 seconds (0d 0h 0m 0s)

---------------  T H R E A D  ---------------

Current thread (0x0000021bbd685190):  JavaThread "main"             [_thread_in_vm, id=19208, stack(0x00000047f1900000,0x00000047f1a00000) (1024K)]

Stack: [0x00000047f1900000,0x00000047f1a00000],  sp=0x00000047f19fecb0,  free space=1019k
Native frames: (J=compiled Java code, j=interpreted, Vv=VM code, C=native code)
V  [jvm.dll+0x88d122]
C  0x0000021bcb449da8

The last pc belongs to native nmethod (printed below).
Java frames: (J=compiled Java code, j=interpreted, Vv=VM code)
J 1030  jdk.internal.misc.Unsafe.putFloat(Ljava/lang/Object;JF)V java.base@21.0.5 (0 bytes) @ 0x0000021bcb449d0d [0x0000021bcb449ca0+0x000000000000006d]
j  sun.misc.Unsafe.putFloat(Ljava/lang/Object;JF)V+7 jdk.unsupported@21.0.5
j  org.lwjgl.system.MemoryUtil.memPutFloat(JF)V+6
j  dev.kofeychi.mcgui.impl.render.vertex.BuilderImpl.vertex(FFF)Ldev/kofeychi/mcgui/api/render/vertex/Builder;+17
j  dev.kofeychi.mcgui.api.render.vertex.Builder.vertex(Lorg/joml/Matrix4f;FFF)Ldev/kofeychi/mcgui/api/render/vertex/Builder;+33
j  dev.kofeychi.mcgui.api.render.vertex.Builder.vertex(Ldev/kofeychi/mcgui/api/render/MatrixStack$Entry;FFF)Ldev/kofeychi/mcgui/api/render/vertex/Builder;+11
j  dev.kofeychi.mcgui.impl.render.ContextImpl.fill(IIIIII)V+20
j  dev.kofeychi.mcgui.impl.render.ContextImpl.fill(IIIIILdev/kofeychi/mcgui/util/Color;)V+13
j  dev.kofeychi.mcgui.test.BasicQuadApplication.border(IIIII)V+22
j  dev.kofeychi.mcgui.test.BasicQuadApplication.render(Ldev/kofeychi/mcgui/api/render/app/Application;)V+8
j  dev.kofeychi.mcgui.test.BasicQuadApplication$$Lambda+0x0000021be202ac58.on(Ldev/kofeychi/mcgui/api/render/app/Application;)V+5
j  dev.kofeychi.mcgui.impl.render.app.RenderImpl.lambda$new$1([Ldev/kofeychi/mcgui/api/render/app/Logic$Update;Ldev/kofeychi/mcgui/api/render/app/Application;)V+23
j  dev.kofeychi.mcgui.impl.render.app.RenderImpl$$Lambda+0x0000021be2015838.on(Ldev/kofeychi/mcgui/api/render/app/Application;)V+5
j  dev.kofeychi.mcgui.impl.render.app.RenderImpl.initLoop()V+179
j  dev.kofeychi.mcgui.impl.render.app.ApplicationImpl.startLoop()V+4
j  dev.kofeychi.mcgui.test.BasicQuadApplication.run([Ljava/lang/String;)V+151
j  dev.kofeychi.mcgui.test.BasicQuadApplication.main([Ljava/lang/String;)V+8
v  ~StubRoutines::call_stub 0x0000021bcacb100d

siginfo: EXCEPTION_ACCESS_VIOLATION (0xc0000005), writing address 0x0000000000000000


Registers:
RAX=0x0000000000000000, RBX=0x0000021bbd685190, RCX=0x0000021bbd685548, RDX=0x00000047f19fed08
RSP=0x00000047f19fecb0, RBP=0x00000047f19fed40, RSI=0x0000000000000000, RDI=0x0000000000000000
R8 =0x0000000000000000, R9 =0x0000000000000000, R10=0x00007ffe55095df6, R11=0x0000021bcb449cc0
R12=0x0000000000000000, R13=0x00000047f19fed58, R14=0x00000047f19fedf8, R15=0x0000021bbd685190
RIP=0x00007ffe54c6d122, EFLAGS=0x0000000000010246


Register to memory mapping:

RAX=0x0 is null
RBX=0x0000021bbd685190 is a thread
RCX=0x0000021bbd685548 points into unknown readable memory: 0x0000021c28261770 | 70 17 26 28 1c 02 00 00
RDX=0x00000047f19fed08 is pointing into the stack for thread: 0x0000021bbd685190
RSP=0x00000047f19fecb0 is pointing into the stack for thread: 0x0000021bbd685190
RBP=0x00000047f19fed40 is pointing into the stack for thread: 0x0000021bbd685190
RSI=0x0 is null
RDI=0x0 is null
R8 =0x0 is null
R9 =0x0 is null
R10=0x00007ffe55095df6 jvm.dll
R11=0x0000021bcb449cc0 is at entry_point+32 in (nmethod*)0x0000021bcb449b10
Compiled method (n/a) 640 1030     n 0       jdk.internal.misc.Unsafe::putFloat (native)
 total in heap  [0x0000021bcb449b10,0x0000021bcb449ed0] = 960
 relocation     [0x0000021bcb449c70,0x0000021bcb449ca0] = 48
 main code      [0x0000021bcb449ca0,0x0000021bcb449ecc] = 556
 stub code      [0x0000021bcb449ecc,0x0000021bcb449ed0] = 4
R12=0x0 is null
R13=0x00000047f19fed58 is pointing into the stack for thread: 0x0000021bbd685190
R14=0x00000047f19fedf8 is pointing into the stack for thread: 0x0000021bbd685190
R15=0x0000021bbd685190 is a thread

Top of Stack: (sp=0x00000047f19fecb0)
0x00000047f19fecb0:   0000021c2355d000 0000021bbd685190
0x00000047f19fecc0:   0000021c23561f6d 0000021b000000b6
0x00000047f19fecd0:   0000021c2364f8c8 0000021bcb449da8
0x00000047f19fece0:   0000021be14c26b0 0000000000000000
0x00000047f19fecf0:   00000047f19fefc0 00000047f19fefc0
0x00000047f19fed00:   0000021b00000000 0000000620c142d0
0x00000047f19fed10:   0000000000000000 0000020000000000
0x00000047f19fed20:   00000047f19ff018 00000047f19fefc0
0x00000047f19fed30:   0000021be1000eb0 0000021be1001138
0x00000047f19fed40:   00000047f19fedc8 0000021bcacb8860
0x00000047f19fed50:   0000021bcacb8860 0000000100000000
0x00000047f19fed60:   0000000000000000 0000000000000000
0x00000047f19fed70:   0000000000000000 0000000620c142d0
0x00000047f19fed80:   00000047f19fed80 0000021c231506cf
0x00000047f19fed90:   0000000000000006 0000021c23155288
0x00000047f19feda0:   0000000000000000 0000000620bff868
0x00000047f19fedb0:   0000021c23150718 00000047f19fed58
0x00000047f19fedc0:   00000047f19fedd8 00000047f19fee48
0x00000047f19fedd0:   0000021bcacb8860 0000000600000000
0x00000047f19fede0:   0000000000000000 0000000000000000
0x00000047f19fedf0:   0000000000000000 000000062040dc90
0x00000047f19fee00:   00000047f19fee00 0000021c234e1b96
0x00000047f19fee10:   0000000000000004 0000021c234e8988
0x00000047f19fee20:   0000000000000000 0000000620bfafb8
0x00000047f19fee30:   0000021c234e1bc0 00000047f19fedd8
0x00000047f19fee40:   00000047f19fee58 00000047f19feeb8
0x00000047f19fee50:   0000021bcacb8860 0000000000000000
0x00000047f19fee60:   0000000000000000 0000000000000000
0x00000047f19fee70:   00000047f19fee70 0000021c2374fd21
0x00000047f19fee80:   0000000000000005 0000021c23750800
0x00000047f19fee90:   0000000000000000 00000006202e1658
0x00000047f19feea0:   0000021c2374fd90 00000047f19fee58 

Instructions: (pc=0x00007ffe54c6d122)
0x00007ffe54c6d022:   48 8b 47 20 48 89 41 20 48 8d 8b 98 03 00 00 e8
0x00007ffe54c6d032:   5a 49 a9 ff 48 8b 74 24 48 90 c7 83 44 04 00 00
0x00007ffe54c6d042:   04 00 00 00 0f 28 c6 48 8b 5c 24 40 0f 28 74 24
0x00007ffe54c6d052:   20 48 83 c4 30 5f c3 cc cc cc cc cc cc cc 48 89
0x00007ffe54c6d062:   5c 24 08 48 89 74 24 10 57 48 83 ec 20 8b 81 b0
0x00007ffe54c6d072:   00 00 00 48 8d 99 48 fc ff ff 05 53 21 ff ff 49
0x00007ffe54c6d082:   8b f1 49 8b f8 83 f8 01 77 08 48 8b cb e8 dc f0
0x00007ffe54c6d092:   b6 ff 80 3d f3 8c 42 00 00 c7 83 44 04 00 00 06
0x00007ffe54c6d0a2:   00 00 00 75 06 e8 24 89 e4 ff 90 48 8b 83 48 04
0x00007ffe54c6d0b2:   00 00 a8 01 74 0d 45 33 c0 b2 01 48 8b cb e8 7b
0x00007ffe54c6d0c2:   a3 eb ff 8b 83 40 04 00 00 a8 0c 74 08 48 8b cb
0x00007ffe54c6d0d2:   e8 d9 05 b7 ff 33 c0 c7 83 44 04 00 00 06 00 00
0x00007ffe54c6d0e2:   00 48 85 ff 74 2d 48 8b c7 83 e0 03 48 83 f8 01
0x00007ffe54c6d0f2:   75 0c 48 8d 4f ff ff 15 d2 b8 3b 00 eb 15 48 83
0x00007ffe54c6d102:   f8 02 75 0c 48 8d 4f fe ff 15 10 2f 3b 00 eb 03
0x00007ffe54c6d112:   48 8b 07 f3 0f 10 44 24 50 c6 83 70 04 00 00 01
0x00007ffe54c6d122:   f3 0f 11 04 30 c6 83 70 04 00 00 00 48 8b bb 98
0x00007ffe54c6d132:   01 00 00 48 8b 4f 10 48 83 39 00 74 0c 48 8b cf
0x00007ffe54c6d142:   e8 f9 fa b1 ff 48 8b 4f 10 48 8b 47 08 48 89 48
0x00007ffe54c6d152:   10 48 8b 4f 08 48 8b 47 18 48 89 41 18 48 8b 4f
0x00007ffe54c6d162:   08 48 8b 47 20 48 89 41 20 48 8d 8b 98 03 00 00
0x00007ffe54c6d172:   e8 19 48 a9 ff 48 8b 74 24 38 90 c7 83 44 04 00
0x00007ffe54c6d182:   00 04 00 00 00 48 8b 5c 24 30 48 83 c4 20 5f c3
0x00007ffe54c6d192:   cc cc cc cc cc cc cc cc cc cc cc cc cc cc 48 89
0x00007ffe54c6d1a2:   5c 24 08 48 89 74 24 10 57 48 83 ec 30 8b 81 b0
0x00007ffe54c6d1b2:   00 00 00 48 8d 99 48 fc ff ff 05 53 21 ff ff 0f
0x00007ffe54c6d1c2:   29 74 24 20 49 8b f1 49 8b f8 83 f8 01 77 08 48
0x00007ffe54c6d1d2:   8b cb e8 97 ef b6 ff 80 3d ae 8b 42 00 00 c7 83
0x00007ffe54c6d1e2:   44 04 00 00 06 00 00 00 75 06 e8 df 87 e4 ff 90
0x00007ffe54c6d1f2:   48 8b 83 48 04 00 00 a8 01 74 0d 45 33 c0 b2 01
0x00007ffe54c6d202:   48 8b cb e8 36 a2 eb ff 8b 83 40 04 00 00 a8 0c
0x00007ffe54c6d212:   74 08 48 8b cb e8 94 04 b7 ff 33 c0 c7 83 44 04 


Stack slot to memory mapping:

stack at sp + 0 slots: 0x0000021c2355d000 is pointing into metadata
stack at sp + 1 slots: 0x0000021bbd685190 is a thread
stack at sp + 2 slots: 0x0000021c23561f6d is pointing into metadata
stack at sp + 3 slots: 0x0000021b000000b6 is an unknown value
stack at sp + 4 slots: 0x0000021c2364f8c8 is pointing into metadata
stack at sp + 5 slots: 0x0000021bcb449da8 is at entry_point+264 in (nmethod*)0x0000021bcb449b10
Compiled method (n/a) 645 1030     n 0       jdk.internal.misc.Unsafe::putFloat (native)
 total in heap  [0x0000021bcb449b10,0x0000021bcb449ed0] = 960
 relocation     [0x0000021bcb449c70,0x0000021bcb449ca0] = 48
 main code      [0x0000021bcb449ca0,0x0000021bcb449ecc] = 556
 stub code      [0x0000021bcb449ecc,0x0000021bcb449ed0] = 4
stack at sp + 6 slots: {method} {0x0000021be14c26b8} 'putFloat' '(Ljava/lang/Object;JF)V' in 'jdk/internal/misc/Unsafe'
stack at sp + 7 slots: 0x0 is null


Compiled method (n/a) 647 1030     n 0       jdk.internal.misc.Unsafe::putFloat (native)
 total in heap  [0x0000021bcb449b10,0x0000021bcb449ed0] = 960
 relocation     [0x0000021bcb449c70,0x0000021bcb449ca0] = 48
 main code      [0x0000021bcb449ca0,0x0000021bcb449ecc] = 556
 stub code      [0x0000021bcb449ecc,0x0000021bcb449ed0] = 4

[Constant Pool (empty)]

[MachCode]
[Entry Point]
  # {method} {0x0000021be14c26b8} 'putFloat' '(Ljava/lang/Object;JF)V' in 'jdk/internal/misc/Unsafe'
  # this:     rdx:rdx   = 'jdk/internal/misc/Unsafe'
  # parm0:    r8:r8     = 'java/lang/Object'
  # parm1:    r9:r9     = long
  # parm2:    xmm0      = float
  #           [sp+0x70]  (sp of caller)
  0x0000021bcb449ca0: 448b 5208 | 49bb 0000 | 00e1 1b02 | 0000 4d03 | d349 3bc2 | 0f84 0600 

  0x0000021bcb449cb8: ;   {runtime_call ic_miss_stub}
  0x0000021bcb449cb8: 0000 e9c1 | 4a8b ff90 
[Verified Entry Point]
  0x0000021bcb449cc0: 8984 2400 | 80ff ff55 | 488b ec48 | 83ec 6090 | 4181 7f20 | 0100 0000 

  0x0000021bcb449cd8: ;   {runtime_call StubRoutines (final stubs)}
  0x0000021bcb449cd8: 7405 e881 | b089 ffc5 | fa11 4424 | 204c 8944 | 2430 4983 | f800 4c8d | 4424 304c | 0f44 4424 
  0x0000021bcb449cf8: 3048 8954 | 2428 4883 | fa00 488d | 5424 2848 | 0f44 5424 | 28c5 f877 

  0x0000021bcb449d10: ;   {internal_word}
  0x0000021bcb449d10: 49ba 0d9d | 44cb 1b02 | 0000 4d89 | 97a0 0300 | 0049 89a7 | 9803 0000 

  0x0000021bcb449d28: ;   {external_word}
  0x0000021bcb449d28: 49ba f65d | 0955 fe7f | 0000 4180 | 3a00 0f84 | 4e00 0000 | 5241 5041 

  0x0000021bcb449d40: ;   {metadata({method} {0x0000021be14c26b8} 'putFloat' '(Ljava/lang/Object;JF)V' in 'jdk/internal/misc/Unsafe')}
  0x0000021bcb449d40: 5148 bab0 | 264c e11b | 0200 0049 | 8bcf 4883 | ec20 40f6 | c40f 0f84 | 1900 0000 | 4883 ec08 
  0x0000021bcb449d60: ;   {runtime_call}
  0x0000021bcb449d60: 48b8 60c7 | b254 fe7f | 0000 ffd0 | 4883 c408 | e90c 0000 

  0x0000021bcb449d74: ;   {runtime_call}
  0x0000021bcb449d74: 0048 b860 | c7b2 54fe | 7f00 00ff | d048 83c4 | 2041 5941 | 585a 498d | 8fb8 0300 | 0041 c787 
  0x0000021bcb449d94: 4404 0000 | 0400 0000 

  0x0000021bcb449d9c: ;   {runtime_call}
  0x0000021bcb449d9c: 48b8 60d0 | c654 fe7f | 0000 ffd0 | c5f8 7741 | c787 4404 | 0000 0500 | 0000 f083 | 4424 c000 
  0x0000021bcb449dbc: 493b af48 | 0400 000f | 870e 0000 | 0041 83bf | 4004 0000 | 000f 8423 | 0000 00c5 | f877 498b 
  0x0000021bcb449ddc: cf4c 8be4 | 4883 ec20 | 4883 e4f0 

  0x0000021bcb449de8: ;   {runtime_call}
  0x0000021bcb449de8: 48b8 70c3 | 7d54 fe7f | 0000 ffd0 | 498b e44d | 33e4 41c7 | 8744 0400 | 0008 0000 | 0041 83bf 
  0x0000021bcb449e08: c004 0000 | 020f 8494 

  0x0000021bcb449e10: ;   {external_word}
  0x0000021bcb449e10: 0000 0049 | baf6 5d09 | 55fe 7f00 | 0041 803a | 000f 8444 

  0x0000021bcb449e24: ;   {metadata({method} {0x0000021be14c26b8} 'putFloat' '(Ljava/lang/Object;JF)V' in 'jdk/internal/misc/Unsafe')}
  0x0000021bcb449e24: 0000 0048 | bab0 264c | e11b 0200 | 0049 8bcf | 4883 ec20 | 40f6 c40f | 0f84 1900 | 0000 4883 
  0x0000021bcb449e44: ;   {runtime_call}
  0x0000021bcb449e44: ec08 48b8 | 60c7 b254 | fe7f 0000 | ffd0 4883 | c408 e90c 

  0x0000021bcb449e58: ;   {runtime_call}
  0x0000021bcb449e58: 0000 0048 | b860 c7b2 | 54fe 7f00 | 00ff d048 | 83c4 2049 | c787 9803 | 0000 0000 | 0000 49c7 
  0x0000021bcb449e78: 87a0 0300 | 0000 0000 | 00c5 f877 | 498b 8f28 | 0400 00c7 | 8100 0100 | 0000 0000 | 00c9 4983 
  0x0000021bcb449e98: 7f08 000f | 8501 0000 

  0x0000021bcb449ea0: ;   {runtime_call StubRoutines (initial stubs)}
  0x0000021bcb449ea0: 00c3 e959 | 7086 ffc5 | f877 4c8b | e448 83ec | 2048 83e4 

  0x0000021bcb449eb4: ;   {runtime_call}
  0x0000021bcb449eb4: f048 b800 | ffb2 54fe | 7f00 00ff | d049 8be4 | 4d33 e4e9 | 47ff ffff 
[Stub Code]
  0x0000021bcb449ecc: f4f4 f4f4 
[/MachCode]


---------------  P R O C E S S  ---------------

Threads class SMR info:
_java_thread_list=0x0000021c281515b0, length=15, elements={
0x0000021bbd685190, 0x0000021bdfe435f0, 0x0000021bdfe443f0, 0x0000021bdfe46c20,
0x0000021bdfe49780, 0x0000021bdfe4a6e0, 0x0000021bdfe4b6f0, 0x0000021bdfe4fa40,
0x0000021c22084900, 0x0000021c22083490, 0x0000021c221e75f0, 0x0000021c221f0860,
0x0000021c22083b60, 0x0000021c22084fd0, 0x0000021c220856a0
}

Java Threads: ( => current thread )
=>0x0000021bbd685190 JavaThread "main"                              [_thread_in_vm, id=19208, stack(0x00000047f1900000,0x00000047f1a00000) (1024K)]
  0x0000021bdfe435f0 JavaThread "Reference Handler"          daemon [_thread_blocked, id=19352, stack(0x00000047f2100000,0x00000047f2200000) (1024K)]
  0x0000021bdfe443f0 JavaThread "Finalizer"                  daemon [_thread_blocked, id=7984, stack(0x00000047f2200000,0x00000047f2300000) (1024K)]
  0x0000021bdfe46c20 JavaThread "Signal Dispatcher"          daemon [_thread_blocked, id=20172, stack(0x00000047f2300000,0x00000047f2400000) (1024K)]
  0x0000021bdfe49780 JavaThread "Attach Listener"            daemon [_thread_blocked, id=7372, stack(0x00000047f2400000,0x00000047f2500000) (1024K)]
  0x0000021bdfe4a6e0 JavaThread "Service Thread"             daemon [_thread_blocked, id=10160, stack(0x00000047f2500000,0x00000047f2600000) (1024K)]
  0x0000021bdfe4b6f0 JavaThread "Monitor Deflation Thread"   daemon [_thread_blocked, id=2852, stack(0x00000047f2600000,0x00000047f2700000) (1024K)]
  0x0000021bdfe4fa40 JavaThread "C2 CompilerThread0"         daemon [_thread_blocked, id=25336, stack(0x00000047f2700000,0x00000047f2800000) (1024K)]
  0x0000021c22084900 JavaThread "C1 CompilerThread0"         daemon [_thread_blocked, id=12324, stack(0x00000047f2800000,0x00000047f2900000) (1024K)]
  0x0000021c22083490 JavaThread "C1 CompilerThread1"         daemon [_thread_blocked, id=26532, stack(0x00000047f2900000,0x00000047f2a00000) (1024K)]
  0x0000021c221e75f0 JavaThread "Notification Thread"        daemon [_thread_blocked, id=30268, stack(0x00000047f2a00000,0x00000047f2b00000) (1024K)]
  0x0000021c221f0860 JavaThread "Common-Cleaner"             daemon [_thread_blocked, id=9848, stack(0x00000047f2b00000,0x00000047f2c00000) (1024K)]
  0x0000021c22083b60 JavaThread "C2 CompilerThread1"         daemon [_thread_blocked, id=11128, stack(0x00000047f2c00000,0x00000047f2d00000) (1024K)]
  0x0000021c22084fd0 JavaThread "C1 CompilerThread2"         daemon [_thread_blocked, id=22088, stack(0x00000047f2d00000,0x00000047f2e00000) (1024K)]
  0x0000021c220856a0 JavaThread "C1 CompilerThread3"         daemon [_thread_blocked, id=14152, stack(0x00000047f3400000,0x00000047f3500000) (1024K)]
Total: 15

Other Threads:
  0x0000021bdfe241b0 VMThread "VM Thread"                           [id=784, stack(0x00000047f2000000,0x00000047f2100000) (1024K)]
  0x0000021c220812c0 WatcherThread "VM Periodic Task Thread"        [id=15280, stack(0x00000047f1f00000,0x00000047f2000000) (1024K)]
  0x0000021bbf968d70 WorkerThread "GC Thread#0"                     [id=10204, stack(0x00000047f1a00000,0x00000047f1b00000) (1024K)]
  0x0000021bbf97a690 ConcurrentGCThread "G1 Main Marker"            [id=11504, stack(0x00000047f1b00000,0x00000047f1c00000) (1024K)]
  0x0000021bbf97b930 WorkerThread "G1 Conc#0"                       [id=15536, stack(0x00000047f1c00000,0x00000047f1d00000) (1024K)]
  0x0000021bdfd4fb10 ConcurrentGCThread "G1 Refine#0"               [id=23000, stack(0x00000047f1d00000,0x00000047f1e00000) (1024K)]
  0x0000021bdfd52690 ConcurrentGCThread "G1 Service"                [id=21284, stack(0x00000047f1e00000,0x00000047f1f00000) (1024K)]
Total: 7

Threads with active compile tasks:
Total: 0

VM state: not at safepoint (normal execution)

VM Mutex/Monitor currently owned by a thread: None

Heap address: 0x0000000601000000, size: 8176 MB, Compressed Oops mode: Zero based, Oop shift amount: 3

CDS archive(s) mapped at: [0x0000021be1000000-0x0000021be1d00000-0x0000021be1d00000), size 13631488, SharedBaseAddress: 0x0000021be1000000, ArchiveRelocationMode: 1.
Compressed class space mapped at: 0x0000021be2000000-0x0000021c22000000, reserved size: 1073741824
Narrow klass base: 0x0000021be1000000, Narrow klass shift: 0, Narrow klass range: 0x100000000

GC Precious Log:
 CardTable entry size: 512
 Card Set container configuration: InlinePtr #cards 4 size 8 Array Of Cards #cards 32 size 80 Howl #buckets 8 coarsen threshold 7372 Howl Bitmap #cards 1024 size 144 coarsen threshold 921 Card regions per heap region 1 cards per card region 8192
 CPUs: 24 total, 24 available
 Memory: 32691M
 Large Page Support: Disabled
 NUMA Support: Disabled
 Compressed Oops: Enabled (Zero based)
 Heap Region Size: 4M
 Heap Min Capacity: 8M
 Heap Initial Capacity: 512M
 Heap Max Capacity: 8176M
 Pre-touch: Disabled
 Parallel Workers: 18
 Concurrent Workers: 5
 Concurrent Refinement Workers: 18
 Periodic GC: Disabled

Heap:
 garbage-first heap   total 524288K, used 12288K [0x0000000601000000, 0x0000000800000000)
  region size 4096K, 5 young (20480K), 0 survivors (0K)
 Metaspace       used 7769K, committed 7936K, reserved 1114112K
  class space    used 497K, committed 576K, reserved 1048576K

Heap Regions: E=young(eden), S=young(survivor), O=old, HS=humongous(starts), HC=humongous(continues), CS=collection set, F=free, TAMS=top-at-mark-start, PB=parsable bottom
|   0|0x0000000601000000, 0x0000000601000000, 0x0000000601400000|  0%| F|  |TAMS 0x0000000601000000| PB 0x0000000601000000| Untracked 
|   1|0x0000000601400000, 0x0000000601400000, 0x0000000601800000|  0%| F|  |TAMS 0x0000000601400000| PB 0x0000000601400000| Untracked 
|   2|0x0000000601800000, 0x0000000601800000, 0x0000000601c00000|  0%| F|  |TAMS 0x0000000601800000| PB 0x0000000601800000| Untracked 
|   3|0x0000000601c00000, 0x0000000601c00000, 0x0000000602000000|  0%| F|  |TAMS 0x0000000601c00000| PB 0x0000000601c00000| Untracked 
|   4|0x0000000602000000, 0x0000000602000000, 0x0000000602400000|  0%| F|  |TAMS 0x0000000602000000| PB 0x0000000602000000| Untracked 
|   5|0x0000000602400000, 0x0000000602400000, 0x0000000602800000|  0%| F|  |TAMS 0x0000000602400000| PB 0x0000000602400000| Untracked 
|   6|0x0000000602800000, 0x0000000602800000, 0x0000000602c00000|  0%| F|  |TAMS 0x0000000602800000| PB 0x0000000602800000| Untracked 
|   7|0x0000000602c00000, 0x0000000602c00000, 0x0000000603000000|  0%| F|  |TAMS 0x0000000602c00000| PB 0x0000000602c00000| Untracked 
|   8|0x0000000603000000, 0x0000000603000000, 0x0000000603400000|  0%| F|  |TAMS 0x0000000603000000| PB 0x0000000603000000| Untracked 
|   9|0x0000000603400000, 0x0000000603400000, 0x0000000603800000|  0%| F|  |TAMS 0x0000000603400000| PB 0x0000000603400000| Untracked 
|  10|0x0000000603800000, 0x0000000603800000, 0x0000000603c00000|  0%| F|  |TAMS 0x0000000603800000| PB 0x0000000603800000| Untracked 
|  11|0x0000000603c00000, 0x0000000603c00000, 0x0000000604000000|  0%| F|  |TAMS 0x0000000603c00000| PB 0x0000000603c00000| Untracked 
|  12|0x0000000604000000, 0x0000000604000000, 0x0000000604400000|  0%| F|  |TAMS 0x0000000604000000| PB 0x0000000604000000| Untracked 
|  13|0x0000000604400000, 0x0000000604400000, 0x0000000604800000|  0%| F|  |TAMS 0x0000000604400000| PB 0x0000000604400000| Untracked 
|  14|0x0000000604800000, 0x0000000604800000, 0x0000000604c00000|  0%| F|  |TAMS 0x0000000604800000| PB 0x0000000604800000| Untracked 
|  15|0x0000000604c00000, 0x0000000604c00000, 0x0000000605000000|  0%| F|  |TAMS 0x0000000604c00000| PB 0x0000000604c00000| Untracked 
|  16|0x0000000605000000, 0x0000000605000000, 0x0000000605400000|  0%| F|  |TAMS 0x0000000605000000| PB 0x0000000605000000| Untracked 
|  17|0x0000000605400000, 0x0000000605400000, 0x0000000605800000|  0%| F|  |TAMS 0x0000000605400000| PB 0x0000000605400000| Untracked 
|  18|0x0000000605800000, 0x0000000605800000, 0x0000000605c00000|  0%| F|  |TAMS 0x0000000605800000| PB 0x0000000605800000| Untracked 
|  19|0x0000000605c00000, 0x0000000605c00000, 0x0000000606000000|  0%| F|  |TAMS 0x0000000605c00000| PB 0x0000000605c00000| Untracked 
|  20|0x0000000606000000, 0x0000000606000000, 0x0000000606400000|  0%| F|  |TAMS 0x0000000606000000| PB 0x0000000606000000| Untracked 
|  21|0x0000000606400000, 0x0000000606400000, 0x0000000606800000|  0%| F|  |TAMS 0x0000000606400000| PB 0x0000000606400000| Untracked 
|  22|0x0000000606800000, 0x0000000606800000, 0x0000000606c00000|  0%| F|  |TAMS 0x0000000606800000| PB 0x0000000606800000| Untracked 
|  23|0x0000000606c00000, 0x0000000606c00000, 0x0000000607000000|  0%| F|  |TAMS 0x0000000606c00000| PB 0x0000000606c00000| Untracked 
|  24|0x0000000607000000, 0x0000000607000000, 0x0000000607400000|  0%| F|  |TAMS 0x0000000607000000| PB 0x0000000607000000| Untracked 
|  25|0x0000000607400000, 0x0000000607400000, 0x0000000607800000|  0%| F|  |TAMS 0x0000000607400000| PB 0x0000000607400000| Untracked 
|  26|0x0000000607800000, 0x0000000607800000, 0x0000000607c00000|  0%| F|  |TAMS 0x0000000607800000| PB 0x0000000607800000| Untracked 
|  27|0x0000000607c00000, 0x0000000607c00000, 0x0000000608000000|  0%| F|  |TAMS 0x0000000607c00000| PB 0x0000000607c00000| Untracked 
|  28|0x0000000608000000, 0x0000000608000000, 0x0000000608400000|  0%| F|  |TAMS 0x0000000608000000| PB 0x0000000608000000| Untracked 
|  29|0x0000000608400000, 0x0000000608400000, 0x0000000608800000|  0%| F|  |TAMS 0x0000000608400000| PB 0x0000000608400000| Untracked 
|  30|0x0000000608800000, 0x0000000608800000, 0x0000000608c00000|  0%| F|  |TAMS 0x0000000608800000| PB 0x0000000608800000| Untracked 
|  31|0x0000000608c00000, 0x0000000608c00000, 0x0000000609000000|  0%| F|  |TAMS 0x0000000608c00000| PB 0x0000000608c00000| Untracked 
|  32|0x0000000609000000, 0x0000000609000000, 0x0000000609400000|  0%| F|  |TAMS 0x0000000609000000| PB 0x0000000609000000| Untracked 
|  33|0x0000000609400000, 0x0000000609400000, 0x0000000609800000|  0%| F|  |TAMS 0x0000000609400000| PB 0x0000000609400000| Untracked 
|  34|0x0000000609800000, 0x0000000609800000, 0x0000000609c00000|  0%| F|  |TAMS 0x0000000609800000| PB 0x0000000609800000| Untracked 
|  35|0x0000000609c00000, 0x0000000609c00000, 0x000000060a000000|  0%| F|  |TAMS 0x0000000609c00000| PB 0x0000000609c00000| Untracked 
|  36|0x000000060a000000, 0x000000060a000000, 0x000000060a400000|  0%| F|  |TAMS 0x000000060a000000| PB 0x000000060a000000| Untracked 
|  37|0x000000060a400000, 0x000000060a400000, 0x000000060a800000|  0%| F|  |TAMS 0x000000060a400000| PB 0x000000060a400000| Untracked 
|  38|0x000000060a800000, 0x000000060a800000, 0x000000060ac00000|  0%| F|  |TAMS 0x000000060a800000| PB 0x000000060a800000| Untracked 
|  39|0x000000060ac00000, 0x000000060ac00000, 0x000000060b000000|  0%| F|  |TAMS 0x000000060ac00000| PB 0x000000060ac00000| Untracked 
|  40|0x000000060b000000, 0x000000060b000000, 0x000000060b400000|  0%| F|  |TAMS 0x000000060b000000| PB 0x000000060b000000| Untracked 
|  41|0x000000060b400000, 0x000000060b400000, 0x000000060b800000|  0%| F|  |TAMS 0x000000060b400000| PB 0x000000060b400000| Untracked 
|  42|0x000000060b800000, 0x000000060b800000, 0x000000060bc00000|  0%| F|  |TAMS 0x000000060b800000| PB 0x000000060b800000| Untracked 
|  43|0x000000060bc00000, 0x000000060bc00000, 0x000000060c000000|  0%| F|  |TAMS 0x000000060bc00000| PB 0x000000060bc00000| Untracked 
|  44|0x000000060c000000, 0x000000060c000000, 0x000000060c400000|  0%| F|  |TAMS 0x000000060c000000| PB 0x000000060c000000| Untracked 
|  45|0x000000060c400000, 0x000000060c400000, 0x000000060c800000|  0%| F|  |TAMS 0x000000060c400000| PB 0x000000060c400000| Untracked 
|  46|0x000000060c800000, 0x000000060c800000, 0x000000060cc00000|  0%| F|  |TAMS 0x000000060c800000| PB 0x000000060c800000| Untracked 
|  47|0x000000060cc00000, 0x000000060cc00000, 0x000000060d000000|  0%| F|  |TAMS 0x000000060cc00000| PB 0x000000060cc00000| Untracked 
|  48|0x000000060d000000, 0x000000060d000000, 0x000000060d400000|  0%| F|  |TAMS 0x000000060d000000| PB 0x000000060d000000| Untracked 
|  49|0x000000060d400000, 0x000000060d400000, 0x000000060d800000|  0%| F|  |TAMS 0x000000060d400000| PB 0x000000060d400000| Untracked 
|  50|0x000000060d800000, 0x000000060d800000, 0x000000060dc00000|  0%| F|  |TAMS 0x000000060d800000| PB 0x000000060d800000| Untracked 
|  51|0x000000060dc00000, 0x000000060dc00000, 0x000000060e000000|  0%| F|  |TAMS 0x000000060dc00000| PB 0x000000060dc00000| Untracked 
|  52|0x000000060e000000, 0x000000060e000000, 0x000000060e400000|  0%| F|  |TAMS 0x000000060e000000| PB 0x000000060e000000| Untracked 
|  53|0x000000060e400000, 0x000000060e400000, 0x000000060e800000|  0%| F|  |TAMS 0x000000060e400000| PB 0x000000060e400000| Untracked 
|  54|0x000000060e800000, 0x000000060e800000, 0x000000060ec00000|  0%| F|  |TAMS 0x000000060e800000| PB 0x000000060e800000| Untracked 
|  55|0x000000060ec00000, 0x000000060ec00000, 0x000000060f000000|  0%| F|  |TAMS 0x000000060ec00000| PB 0x000000060ec00000| Untracked 
|  56|0x000000060f000000, 0x000000060f000000, 0x000000060f400000|  0%| F|  |TAMS 0x000000060f000000| PB 0x000000060f000000| Untracked 
|  57|0x000000060f400000, 0x000000060f400000, 0x000000060f800000|  0%| F|  |TAMS 0x000000060f400000| PB 0x000000060f400000| Untracked 
|  58|0x000000060f800000, 0x000000060f800000, 0x000000060fc00000|  0%| F|  |TAMS 0x000000060f800000| PB 0x000000060f800000| Untracked 
|  59|0x000000060fc00000, 0x000000060fc00000, 0x0000000610000000|  0%| F|  |TAMS 0x000000060fc00000| PB 0x000000060fc00000| Untracked 
|  60|0x0000000610000000, 0x0000000610000000, 0x0000000610400000|  0%| F|  |TAMS 0x0000000610000000| PB 0x0000000610000000| Untracked 
|  61|0x0000000610400000, 0x0000000610400000, 0x0000000610800000|  0%| F|  |TAMS 0x0000000610400000| PB 0x0000000610400000| Untracked 
|  62|0x0000000610800000, 0x0000000610800000, 0x0000000610c00000|  0%| F|  |TAMS 0x0000000610800000| PB 0x0000000610800000| Untracked 
|  63|0x0000000610c00000, 0x0000000610c00000, 0x0000000611000000|  0%| F|  |TAMS 0x0000000610c00000| PB 0x0000000610c00000| Untracked 
|  64|0x0000000611000000, 0x0000000611000000, 0x0000000611400000|  0%| F|  |TAMS 0x0000000611000000| PB 0x0000000611000000| Untracked 
|  65|0x0000000611400000, 0x0000000611400000, 0x0000000611800000|  0%| F|  |TAMS 0x0000000611400000| PB 0x0000000611400000| Untracked 
|  66|0x0000000611800000, 0x0000000611800000, 0x0000000611c00000|  0%| F|  |TAMS 0x0000000611800000| PB 0x0000000611800000| Untracked 
|  67|0x0000000611c00000, 0x0000000611c00000, 0x0000000612000000|  0%| F|  |TAMS 0x0000000611c00000| PB 0x0000000611c00000| Untracked 
|  68|0x0000000612000000, 0x0000000612000000, 0x0000000612400000|  0%| F|  |TAMS 0x0000000612000000| PB 0x0000000612000000| Untracked 
|  69|0x0000000612400000, 0x0000000612400000, 0x0000000612800000|  0%| F|  |TAMS 0x0000000612400000| PB 0x0000000612400000| Untracked 
|  70|0x0000000612800000, 0x0000000612800000, 0x0000000612c00000|  0%| F|  |TAMS 0x0000000612800000| PB 0x0000000612800000| Untracked 
|  71|0x0000000612c00000, 0x0000000612c00000, 0x0000000613000000|  0%| F|  |TAMS 0x0000000612c00000| PB 0x0000000612c00000| Untracked 
|  72|0x0000000613000000, 0x0000000613000000, 0x0000000613400000|  0%| F|  |TAMS 0x0000000613000000| PB 0x0000000613000000| Untracked 
|  73|0x0000000613400000, 0x0000000613400000, 0x0000000613800000|  0%| F|  |TAMS 0x0000000613400000| PB 0x0000000613400000| Untracked 
|  74|0x0000000613800000, 0x0000000613800000, 0x0000000613c00000|  0%| F|  |TAMS 0x0000000613800000| PB 0x0000000613800000| Untracked 
|  75|0x0000000613c00000, 0x0000000613c00000, 0x0000000614000000|  0%| F|  |TAMS 0x0000000613c00000| PB 0x0000000613c00000| Untracked 
|  76|0x0000000614000000, 0x0000000614000000, 0x0000000614400000|  0%| F|  |TAMS 0x0000000614000000| PB 0x0000000614000000| Untracked 
|  77|0x0000000614400000, 0x0000000614400000, 0x0000000614800000|  0%| F|  |TAMS 0x0000000614400000| PB 0x0000000614400000| Untracked 
|  78|0x0000000614800000, 0x0000000614800000, 0x0000000614c00000|  0%| F|  |TAMS 0x0000000614800000| PB 0x0000000614800000| Untracked 
|  79|0x0000000614c00000, 0x0000000614c00000, 0x0000000615000000|  0%| F|  |TAMS 0x0000000614c00000| PB 0x0000000614c00000| Untracked 
|  80|0x0000000615000000, 0x0000000615000000, 0x0000000615400000|  0%| F|  |TAMS 0x0000000615000000| PB 0x0000000615000000| Untracked 
|  81|0x0000000615400000, 0x0000000615400000, 0x0000000615800000|  0%| F|  |TAMS 0x0000000615400000| PB 0x0000000615400000| Untracked 
|  82|0x0000000615800000, 0x0000000615800000, 0x0000000615c00000|  0%| F|  |TAMS 0x0000000615800000| PB 0x0000000615800000| Untracked 
|  83|0x0000000615c00000, 0x0000000615c00000, 0x0000000616000000|  0%| F|  |TAMS 0x0000000615c00000| PB 0x0000000615c00000| Untracked 
|  84|0x0000000616000000, 0x0000000616000000, 0x0000000616400000|  0%| F|  |TAMS 0x0000000616000000| PB 0x0000000616000000| Untracked 
|  85|0x0000000616400000, 0x0000000616400000, 0x0000000616800000|  0%| F|  |TAMS 0x0000000616400000| PB 0x0000000616400000| Untracked 
|  86|0x0000000616800000, 0x0000000616800000, 0x0000000616c00000|  0%| F|  |TAMS 0x0000000616800000| PB 0x0000000616800000| Untracked 
|  87|0x0000000616c00000, 0x0000000616c00000, 0x0000000617000000|  0%| F|  |TAMS 0x0000000616c00000| PB 0x0000000616c00000| Untracked 
|  88|0x0000000617000000, 0x0000000617000000, 0x0000000617400000|  0%| F|  |TAMS 0x0000000617000000| PB 0x0000000617000000| Untracked 
|  89|0x0000000617400000, 0x0000000617400000, 0x0000000617800000|  0%| F|  |TAMS 0x0000000617400000| PB 0x0000000617400000| Untracked 
|  90|0x0000000617800000, 0x0000000617800000, 0x0000000617c00000|  0%| F|  |TAMS 0x0000000617800000| PB 0x0000000617800000| Untracked 
|  91|0x0000000617c00000, 0x0000000617c00000, 0x0000000618000000|  0%| F|  |TAMS 0x0000000617c00000| PB 0x0000000617c00000| Untracked 
|  92|0x0000000618000000, 0x0000000618000000, 0x0000000618400000|  0%| F|  |TAMS 0x0000000618000000| PB 0x0000000618000000| Untracked 
|  93|0x0000000618400000, 0x0000000618400000, 0x0000000618800000|  0%| F|  |TAMS 0x0000000618400000| PB 0x0000000618400000| Untracked 
|  94|0x0000000618800000, 0x0000000618800000, 0x0000000618c00000|  0%| F|  |TAMS 0x0000000618800000| PB 0x0000000618800000| Untracked 
|  95|0x0000000618c00000, 0x0000000618c00000, 0x0000000619000000|  0%| F|  |TAMS 0x0000000618c00000| PB 0x0000000618c00000| Untracked 
|  96|0x0000000619000000, 0x0000000619000000, 0x0000000619400000|  0%| F|  |TAMS 0x0000000619000000| PB 0x0000000619000000| Untracked 
|  97|0x0000000619400000, 0x0000000619400000, 0x0000000619800000|  0%| F|  |TAMS 0x0000000619400000| PB 0x0000000619400000| Untracked 
|  98|0x0000000619800000, 0x0000000619800000, 0x0000000619c00000|  0%| F|  |TAMS 0x0000000619800000| PB 0x0000000619800000| Untracked 
|  99|0x0000000619c00000, 0x0000000619c00000, 0x000000061a000000|  0%| F|  |TAMS 0x0000000619c00000| PB 0x0000000619c00000| Untracked 
| 100|0x000000061a000000, 0x000000061a000000, 0x000000061a400000|  0%| F|  |TAMS 0x000000061a000000| PB 0x000000061a000000| Untracked 
| 101|0x000000061a400000, 0x000000061a400000, 0x000000061a800000|  0%| F|  |TAMS 0x000000061a400000| PB 0x000000061a400000| Untracked 
| 102|0x000000061a800000, 0x000000061a800000, 0x000000061ac00000|  0%| F|  |TAMS 0x000000061a800000| PB 0x000000061a800000| Untracked 
| 103|0x000000061ac00000, 0x000000061ac00000, 0x000000061b000000|  0%| F|  |TAMS 0x000000061ac00000| PB 0x000000061ac00000| Untracked 
| 104|0x000000061b000000, 0x000000061b000000, 0x000000061b400000|  0%| F|  |TAMS 0x000000061b000000| PB 0x000000061b000000| Untracked 
| 105|0x000000061b400000, 0x000000061b400000, 0x000000061b800000|  0%| F|  |TAMS 0x000000061b400000| PB 0x000000061b400000| Untracked 
| 106|0x000000061b800000, 0x000000061b800000, 0x000000061bc00000|  0%| F|  |TAMS 0x000000061b800000| PB 0x000000061b800000| Untracked 
| 107|0x000000061bc00000, 0x000000061bc00000, 0x000000061c000000|  0%| F|  |TAMS 0x000000061bc00000| PB 0x000000061bc00000| Untracked 
| 108|0x000000061c000000, 0x000000061c000000, 0x000000061c400000|  0%| F|  |TAMS 0x000000061c000000| PB 0x000000061c000000| Untracked 
| 109|0x000000061c400000, 0x000000061c400000, 0x000000061c800000|  0%| F|  |TAMS 0x000000061c400000| PB 0x000000061c400000| Untracked 
| 110|0x000000061c800000, 0x000000061c800000, 0x000000061cc00000|  0%| F|  |TAMS 0x000000061c800000| PB 0x000000061c800000| Untracked 
| 111|0x000000061cc00000, 0x000000061cc00000, 0x000000061d000000|  0%| F|  |TAMS 0x000000061cc00000| PB 0x000000061cc00000| Untracked 
| 112|0x000000061d000000, 0x000000061d000000, 0x000000061d400000|  0%| F|  |TAMS 0x000000061d000000| PB 0x000000061d000000| Untracked 
| 113|0x000000061d400000, 0x000000061d400000, 0x000000061d800000|  0%| F|  |TAMS 0x000000061d400000| PB 0x000000061d400000| Untracked 
| 114|0x000000061d800000, 0x000000061d800000, 0x000000061dc00000|  0%| F|  |TAMS 0x000000061d800000| PB 0x000000061d800000| Untracked 
| 115|0x000000061dc00000, 0x000000061dc00000, 0x000000061e000000|  0%| F|  |TAMS 0x000000061dc00000| PB 0x000000061dc00000| Untracked 
| 116|0x000000061e000000, 0x000000061e000000, 0x000000061e400000|  0%| F|  |TAMS 0x000000061e000000| PB 0x000000061e000000| Untracked 
| 117|0x000000061e400000, 0x000000061e400000, 0x000000061e800000|  0%| F|  |TAMS 0x000000061e400000| PB 0x000000061e400000| Untracked 
| 118|0x000000061e800000, 0x000000061e800000, 0x000000061ec00000|  0%| F|  |TAMS 0x000000061e800000| PB 0x000000061e800000| Untracked 
| 119|0x000000061ec00000, 0x000000061ec00000, 0x000000061f000000|  0%| F|  |TAMS 0x000000061ec00000| PB 0x000000061ec00000| Untracked 
| 120|0x000000061f000000, 0x000000061f000000, 0x000000061f400000|  0%| F|  |TAMS 0x000000061f000000| PB 0x000000061f000000| Untracked 
| 121|0x000000061f400000, 0x000000061f400000, 0x000000061f800000|  0%| F|  |TAMS 0x000000061f400000| PB 0x000000061f400000| Untracked 
| 122|0x000000061f800000, 0x000000061f800000, 0x000000061fc00000|  0%| F|  |TAMS 0x000000061f800000| PB 0x000000061f800000| Untracked 
| 123|0x000000061fc00000, 0x000000061fee7ac8, 0x0000000620000000| 72%| E|  |TAMS 0x000000061fc00000| PB 0x000000061fc00000| Complete 
| 124|0x0000000620000000, 0x0000000620400000, 0x0000000620400000|100%| E|CS|TAMS 0x0000000620000000| PB 0x0000000620000000| Complete 
| 125|0x0000000620400000, 0x0000000620800000, 0x0000000620800000|100%| E|  |TAMS 0x0000000620400000| PB 0x0000000620400000| Complete 
| 126|0x0000000620800000, 0x0000000620c00000, 0x0000000620c00000|100%| E|CS|TAMS 0x0000000620800000| PB 0x0000000620800000| Complete 
| 127|0x0000000620c00000, 0x0000000621000000, 0x0000000621000000|100%| E|CS|TAMS 0x0000000620c00000| PB 0x0000000620c00000| Complete 

Card table byte_map: [0x0000021bd4640000,0x0000021bd5640000] _byte_map_base: 0x0000021bd1638000

Marking Bits: (CMBitMap*) 0x0000021bbf969470
 Bits: [0x0000021bd5640000, 0x0000021bdd600000)

Polling page: 0x0000021bbf090000

Metaspace:

Usage:
  Non-class:      7.10 MB used.
      Class:    497.59 KB used.
       Both:      7.59 MB used.

Virtual space:
  Non-class space:       64.00 MB reserved,       7.19 MB ( 11%) committed,  1 nodes.
      Class space:        1.00 GB reserved,     576.00 KB ( <1%) committed,  1 nodes.
             Both:        1.06 GB reserved,       7.75 MB ( <1%) committed. 

Chunk freelists:
   Non-Class:  6.81 MB
       Class:  15.39 MB
        Both:  22.20 MB

MaxMetaspaceSize: unlimited
CompressedClassSpaceSize: 1.00 GB
Initial GC threshold: 21.00 MB
Current GC threshold: 21.00 MB
CDS: on
 - commit_granule_bytes: 65536.
 - commit_granule_words: 8192.
 - virtual_space_node_default_size: 8388608.
 - enlarge_chunks_in_place: 1.
 - use_allocation_guard: 0.


Internal statistics:

num_allocs_failed_limit: 0.
num_arena_births: 102.
num_arena_deaths: 0.
num_vsnodes_births: 2.
num_vsnodes_deaths: 0.
num_space_committed: 122.
num_space_uncommitted: 0.
num_chunks_returned_to_freelist: 0.
num_chunks_taken_from_freelist: 340.
num_chunk_merges: 0.
num_chunk_splits: 238.
num_chunks_enlarged: 185.
num_inconsistent_stats: 0.

CodeHeap 'non-profiled nmethods': size=119168Kb used=299Kb max_used=299Kb free=118869Kb
 bounds [0x0000021bcb400000, 0x0000021bcb670000, 0x0000021bd2860000]
CodeHeap 'profiled nmethods': size=119104Kb used=1808Kb max_used=1808Kb free=117295Kb
 bounds [0x0000021bc3860000, 0x0000021bc3ad0000, 0x0000021bcacb0000]
CodeHeap 'non-nmethods': size=7488Kb used=3902Kb max_used=3916Kb free=3585Kb
 bounds [0x0000021bcacb0000, 0x0000021bcb090000, 0x0000021bcb400000]
 total_blobs=2204 nmethods=1040 adapters=1066
 compilation: enabled
              stopped_count=0, restarted_count=0
 full_count=0

Compilation events (20 events):
Event: 0.627 Thread 0x0000021c22084fd0 1031       3       java.util.WeakHashMap::put (160 bytes)
Event: 0.627 Thread 0x0000021c22084fd0 nmethod 1031 0x0000021bc3a1e090 code [0x0000021bc3a1e320, 0x0000021bc3a1f348]
Event: 0.627 Thread 0x0000021bdfe4fa40 1032       4       java.util.concurrent.ConcurrentHashMap::get (162 bytes)
Event: 0.628 Thread 0x0000021c22083490 1033   !   3       java.util.zip.ZipCoder$UTF8ZipCoder::compare (81 bytes)
Event: 0.628 Thread 0x0000021c22084900 1034       3       java.lang.System$2::getBytesNoRepl (6 bytes)
Event: 0.628 Thread 0x0000021c22084fd0 1035   !   3       java.lang.String::getBytesNoRepl (29 bytes)
Event: 0.628 Thread 0x0000021c220856a0 1036       3       java.lang.String::getBytesNoRepl1 (89 bytes)
Event: 0.628 Thread 0x0000021c22084fd0 nmethod 1035 0x0000021bc3a1f890 code [0x0000021bc3a1fa80, 0x0000021bc3a201e0]
Event: 0.628 Thread 0x0000021c22084900 nmethod 1034 0x0000021bc3a20390 code [0x0000021bc3a205a0, 0x0000021bc3a20d88]
Event: 0.628 Thread 0x0000021c22084900 1038       3       java.util.Arrays::mismatch (69 bytes)
Event: 0.628 Thread 0x0000021c22084fd0 1037       3       java.lang.String::isASCII (16 bytes)
Event: 0.628 Thread 0x0000021c22084fd0 nmethod 1037 0x0000021bc3a20f90 code [0x0000021bc3a21140, 0x0000021bc3a21370]
Event: 0.628 Thread 0x0000021c22083490 nmethod 1033 0x0000021bc3a21490 code [0x0000021bc3a21700, 0x0000021bc3a222e8]
Event: 0.628 Thread 0x0000021c22084900 nmethod 1038 0x0000021bc3a22810 code [0x0000021bc3a229e0, 0x0000021bc3a22d08]
Event: 0.628 Thread 0x0000021c22083b60 1039       4       java.lang.StringUTF16::compress (50 bytes)
Event: 0.628 Thread 0x0000021c220856a0 nmethod 1036 0x0000021bc3a22e90 code [0x0000021bc3a23120, 0x0000021bc3a23a40]
Event: 0.628 Thread 0x0000021c220856a0 1040       3       java.util.Collections$SetFromMap::add (22 bytes)
Event: 0.628 Thread 0x0000021c220856a0 nmethod 1040 0x0000021bc3a23d10 code [0x0000021bc3a23ec0, 0x0000021bc3a240f8]
Event: 0.629 Thread 0x0000021bdfe4fa40 nmethod 1032 0x0000021bcb449f10 code [0x0000021bcb44a0c0, 0x0000021bcb44a428]
Event: 0.631 Thread 0x0000021c22083b60 nmethod 1039 0x0000021bcb44a710 code [0x0000021bcb44a8a0, 0x0000021bcb44aad0]

GC Heap History (0 events):
No events

Dll operation events (3 events):
Event: 0.004 Loaded shared library C:\Program Files\Java\jbr_jcef-21.0.5-windows-x64-b631.8\bin\java.dll
Event: 0.019 Loaded shared library C:\Program Files\Java\jbr_jcef-21.0.5-windows-x64-b631.8\bin\zip.dll
Event: 0.061 Loaded shared library C:\Program Files\Java\jbr_jcef-21.0.5-windows-x64-b631.8\bin\verify.dll

Deoptimization events (20 events):
Event: 0.111 Thread 0x0000021bbd685190 DEOPT PACKING pc=0x0000021bc387ac4c sp=0x00000047f19fd0d0
Event: 0.111 Thread 0x0000021bbd685190 DEOPT UNPACKING pc=0x0000021bcad04e42 sp=0x00000047f19fc4f0 mode 0
Event: 0.116 Thread 0x0000021bbd685190 DEOPT PACKING pc=0x0000021bc386a34c sp=0x00000047f19fc650
Event: 0.116 Thread 0x0000021bbd685190 DEOPT UNPACKING pc=0x0000021bcad04e42 sp=0x00000047f19fbab8 mode 0
Event: 0.192 Thread 0x0000021bbd685190 DEOPT PACKING pc=0x0000021bc38a5f45 sp=0x00000047f19fe040
Event: 0.192 Thread 0x0000021bbd685190 DEOPT UNPACKING pc=0x0000021bcad04e42 sp=0x00000047f19fd490 mode 0
Event: 0.341 Thread 0x0000021bbd685190 Uncommon trap: trap_request=0xffffff6e fr.pc=0x0000021bcb4344f0 relative=0x0000000000000430
Event: 0.341 Thread 0x0000021bbd685190 Uncommon trap: reason=loop_limit_check action=maybe_recompile pc=0x0000021bcb4344f0 method=java.lang.StringLatin1.indexOf([BI[BII)I @ 37 c2
Event: 0.341 Thread 0x0000021bbd685190 DEOPT PACKING pc=0x0000021bcb4344f0 sp=0x00000047f19fe150
Event: 0.341 Thread 0x0000021bbd685190 DEOPT UNPACKING pc=0x0000021bcad046a2 sp=0x00000047f19fe0b0 mode 2
Event: 0.348 Thread 0x0000021bbd685190 Uncommon trap: trap_request=0xffffff54 fr.pc=0x0000021bcb43cb90 relative=0x0000000000000070
Event: 0.348 Thread 0x0000021bbd685190 Uncommon trap: reason=speculate_null_assert action=make_not_entrant pc=0x0000021bcb43cb90 method=sun.misc.Unsafe.putLong(Ljava/lang/Object;JJ)V @ 7 c2
Event: 0.348 Thread 0x0000021bbd685190 DEOPT PACKING pc=0x0000021bcb43cb90 sp=0x00000047f19fefe0
Event: 0.348 Thread 0x0000021bbd685190 DEOPT UNPACKING pc=0x0000021bcad046a2 sp=0x00000047f19fef58 mode 2
Event: 0.575 Thread 0x0000021bbd685190 Uncommon trap: trap_request=0xffffff45 fr.pc=0x0000021bcb4235ac relative=0x000000000000008c
Event: 0.575 Thread 0x0000021bbd685190 Uncommon trap: reason=unstable_if action=reinterpret pc=0x0000021bcb4235ac method=jdk.internal.misc.Unsafe.convEndian(ZI)I @ 4 c2
Event: 0.575 Thread 0x0000021bbd685190 DEOPT PACKING pc=0x0000021bcb4235ac sp=0x00000047f19fc560
Event: 0.575 Thread 0x0000021bbd685190 DEOPT UNPACKING pc=0x0000021bcad046a2 sp=0x00000047f19fc490 mode 2
Event: 0.628 Thread 0x0000021bbd685190 DEOPT PACKING pc=0x0000021bc38eabf9 sp=0x00000047f19fc210
Event: 0.628 Thread 0x0000021bbd685190 DEOPT UNPACKING pc=0x0000021bcad04e42 sp=0x00000047f19fb680 mode 0

Classes loaded (20 events):
Event: 0.575 Loading class jdk/internal/jimage/decompressor/ResourceDecompressorFactory done
Event: 0.575 Loading class jdk/internal/jimage/decompressor/ZipDecompressorFactory done
Event: 0.575 Loading class jdk/internal/jimage/decompressor/StringSharingDecompressorFactory
Event: 0.575 Loading class jdk/internal/jimage/decompressor/StringSharingDecompressorFactory done
Event: 0.575 Loading class jdk/internal/jimage/decompressor/ZipDecompressor
Event: 0.575 Loading class jdk/internal/jimage/decompressor/ResourceDecompressor
Event: 0.575 Loading class jdk/internal/jimage/decompressor/ResourceDecompressor done
Event: 0.575 Loading class jdk/internal/jimage/decompressor/ZipDecompressor done
Event: 0.575 Loading class sun/net/www/protocol/jrt/Handler
Event: 0.575 Loading class sun/net/www/protocol/jrt/Handler done
Event: 0.577 Loading class sun/util/resources/LocaleData$CommonResourceBundleProvider
Event: 0.577 Loading class sun/util/resources/LocaleData$LocaleDataResourceBundleProvider
Event: 0.577 Loading class java/util/spi/ResourceBundleProvider
Event: 0.577 Loading class java/util/spi/ResourceBundleProvider done
Event: 0.577 Loading class sun/util/resources/LocaleData$LocaleDataResourceBundleProvider done
Event: 0.577 Loading class sun/util/resources/LocaleData$CommonResourceBundleProvider done
Event: 0.578 Loading class sun/util/resources/Bundles$2
Event: 0.578 Loading class sun/util/resources/Bundles$2 done
Event: 0.591 Loading class java/lang/SecurityException
Event: 0.591 Loading class java/lang/SecurityException done

Classes unloaded (0 events):
No events

Classes redefined (0 events):
No events

Internal exceptions (20 events):
Event: 0.154 Thread 0x0000021bbd685190 Exception <a 'java/lang/NoSuchMethodError'{0x0000000620440240}: 'java.lang.Object java.lang.invoke.DirectMethodHandle$Holder.newInvokeSpecial(java.lang.Object, java.lang.Object, long)'> (0x0000000620440240) 
thrown [s\src\hotspot\share\interpreter\linkResolver.cpp, line 784]
Event: 0.154 Thread 0x0000021bbd685190 Exception <a 'java/lang/NoSuchMethodError'{0x00000006204443e0}: 'java.lang.Object java.lang.invoke.Invokers$Holder.linkToTargetMethod(java.lang.Object, long, java.lang.Object)'> (0x00000006204443e0) 
thrown [s\src\hotspot\share\interpreter\linkResolver.cpp, line 784]
Event: 0.155 Thread 0x0000021bbd685190 Exception <a 'java/lang/NoSuchMethodError'{0x000000062044b8d8}: 'int java.lang.invoke.DirectMethodHandle$Holder.invokeStaticInit(java.lang.Object, java.lang.Object, java.lang.Object, long)'> (0x000000062044b8d8) 
thrown [s\src\hotspot\share\interpreter\linkResolver.cpp, line 784]
Event: 0.165 Thread 0x0000021bbd685190 Exception <a 'java/lang/NoSuchMethodError'{0x00000006204945a0}: 'void java.lang.invoke.DirectMethodHandle$Holder.invokeStatic(java.lang.Object, java.lang.Object, java.lang.Object)'> (0x00000006204945a0) 
thrown [s\src\hotspot\share\interpreter\linkResolver.cpp, line 784]
Event: 0.188 Thread 0x0000021bbd685190 Exception <a 'java/lang/NoSuchMethodError'{0x00000006205db068}: 'void java.lang.invoke.DirectMethodHandle$Holder.invokeStatic(java.lang.Object, java.lang.Object, int)'> (0x00000006205db068) 
thrown [s\src\hotspot\share\interpreter\linkResolver.cpp, line 784]
Event: 0.196 Thread 0x0000021bbd685190 Exception <a 'java/lang/NoSuchMethodError'{0x000000062062e930}: 'void java.lang.invoke.DirectMethodHandle$Holder.invokeSpecial(java.lang.Object, java.lang.Object, int, int)'> (0x000000062062e930) 
thrown [s\src\hotspot\share\interpreter\linkResolver.cpp, line 784]
Event: 0.205 Thread 0x0000021bbd685190 Exception <a 'java/lang/NoSuchMethodError'{0x000000062069b3e0}: 'int java.lang.invoke.Invokers$Holder.invokeExact_MT(java.lang.Object, java.lang.Object)'> (0x000000062069b3e0) 
thrown [s\src\hotspot\share\interpreter\linkResolver.cpp, line 784]
Event: 0.340 Thread 0x0000021bbd685190 Exception <a 'java/lang/NoSuchMethodError'{0x00000006206f48c0}: 'void java.lang.System.load(java.lang.String, java.lang.Class)'> (0x00000006206f48c0) 
thrown [s\src\hotspot\share\interpreter\linkResolver.cpp, line 784]
Event: 0.340 Thread 0x0000021bbd685190 Exception <a 'java/lang/NoSuchMethodError'{0x00000006206f7330}: 'void java.lang.System.loadLibrary(java.lang.String, java.lang.Class)'> (0x00000006206f7330) 
thrown [s\src\hotspot\share\interpreter\linkResolver.cpp, line 784]
Event: 0.343 Thread 0x0000021bbd685190 Exception <a 'sun/nio/fs/WindowsException'{0x0000000620707548}> (0x0000000620707548) 
thrown [s\src\hotspot\share\prims\jni.cpp, line 535]
Event: 0.343 Thread 0x0000021bbd685190 Exception <a 'sun/nio/fs/WindowsException'{0x00000006207078c8}> (0x00000006207078c8) 
thrown [s\src\hotspot\share\prims\jni.cpp, line 535]
Event: 0.346 Thread 0x0000021bbd685190 Exception <a 'sun/nio/fs/WindowsException'{0x0000000620712ca8}> (0x0000000620712ca8) 
thrown [s\src\hotspot\share\prims\jni.cpp, line 535]
Event: 0.346 Thread 0x0000021bbd685190 Exception <a 'sun/nio/fs/WindowsException'{0x0000000620712f60}> (0x0000000620712f60) 
thrown [s\src\hotspot\share\prims\jni.cpp, line 535]
Event: 0.544 Thread 0x0000021bbd685190 Exception <a 'java/lang/NoSuchMethodError'{0x00000006201560b0}: 'int java.lang.invoke.DirectMethodHandle$Holder.invokeVirtual(java.lang.Object, java.lang.Object, java.lang.Object)'> (0x00000006201560b0) 
thrown [s\src\hotspot\share\interpreter\linkResolver.cpp, line 784]
Event: 0.544 Thread 0x0000021bbd685190 Exception <a 'java/lang/NoSuchMethodError'{0x000000062015b868}: 'java.lang.Object java.lang.invoke.DirectMethodHandle$Holder.invokeVirtual(java.lang.Object, java.lang.Object, java.lang.Object)'> (0x000000062015b868) 
thrown [s\src\hotspot\share\interpreter\linkResolver.cpp, line 784]
Event: 0.546 Thread 0x0000021bbd685190 Exception <a 'java/lang/NoSuchMethodError'{0x00000006201702e8}: 'int java.lang.invoke.DirectMethodHandle$Holder.invokeInterface(java.lang.Object, java.lang.Object)'> (0x00000006201702e8) 
thrown [s\src\hotspot\share\interpreter\linkResolver.cpp, line 784]
Event: 0.546 Thread 0x0000021bbd685190 Exception <a 'java/lang/IncompatibleClassChangeError'{0x00000006201735a8}: Found class java.lang.Object, but interface was expected> (0x00000006201735a8) 
thrown [s\src\hotspot\share\interpreter\linkResolver.cpp, line 851]
Event: 0.548 Thread 0x0000021bbd685190 Exception <a 'java/lang/NoSuchMethodError'{0x000000062017c6a8}: 'java.lang.Object java.lang.invoke.DirectMethodHandle$Holder.invokeInterface(java.lang.Object, java.lang.Object)'> (0x000000062017c6a8) 
thrown [s\src\hotspot\share\interpreter\linkResolver.cpp, line 784]
Event: 0.568 Thread 0x0000021bbd685190 Exception <a 'java/lang/NoSuchMethodError'{0x00000006202fdac0}: 'void java.lang.invoke.DirectMethodHandle$Holder.invokeSpecial(java.lang.Object, java.lang.Object, long)'> (0x00000006202fdac0) 
thrown [s\src\hotspot\share\interpreter\linkResolver.cpp, line 784]
Event: 0.571 Thread 0x0000021bbd685190 Exception <a 'java/lang/NoSuchMethodError'{0x000000062031dd70}: 'void java.lang.invoke.DirectMethodHandle$Holder.invokeSpecial(java.lang.Object, java.lang.Object, double, double)'> (0x000000062031dd70) 
thrown [s\src\hotspot\share\interpreter\linkResolver.cpp, line 784]

ZGC Phase Switch (0 events):
No events

VM Operations (8 events):
Event: 0.046 Executing VM operation: HandshakeAllThreads (Deoptimize)
Event: 0.046 Executing VM operation: HandshakeAllThreads (Deoptimize) done
Event: 0.103 Executing VM operation: HandshakeAllThreads (Deoptimize)
Event: 0.103 Executing VM operation: HandshakeAllThreads (Deoptimize) done
Event: 0.111 Executing VM operation: HandshakeAllThreads (Deoptimize)
Event: 0.111 Executing VM operation: HandshakeAllThreads (Deoptimize) done
Event: 0.581 Executing VM operation: HandshakeAllThreads (Deoptimize)
Event: 0.581 Executing VM operation: HandshakeAllThreads (Deoptimize) done

Memory protections (0 events):
No events

Nmethod flushes (0 events):
No events

Events (20 events):
Event: 0.021 Thread 0x0000021bbd685190 Thread added: 0x0000021bdfe46c20
Event: 0.021 Thread 0x0000021bbd685190 Thread added: 0x0000021bdfe49780
Event: 0.021 Thread 0x0000021bbd685190 Thread added: 0x0000021bdfe4a6e0
Event: 0.021 Thread 0x0000021bbd685190 Thread added: 0x0000021bdfe4b6f0
Event: 0.021 Thread 0x0000021bbd685190 Thread added: 0x0000021bdfe4fa40
Event: 0.021 Thread 0x0000021bbd685190 Thread added: 0x0000021c22084900
Event: 0.035 Thread 0x0000021c22084900 Thread added: 0x0000021c22083490
Event: 0.038 Thread 0x0000021bbd685190 Thread added: 0x0000021c221e75f0
Event: 0.039 Thread 0x0000021bbd685190 Thread added: 0x0000021c221f0860
Event: 0.043 Loaded shared library C:\Program Files\Java\jbr_jcef-21.0.5-windows-x64-b631.8\bin\net.dll
Event: 0.044 Loaded shared library C:\Program Files\Java\jbr_jcef-21.0.5-windows-x64-b631.8\bin\nio.dll
Event: 0.046 Loaded shared library C:\Program Files\Java\jbr_jcef-21.0.5-windows-x64-b631.8\bin\zip.dll
Event: 0.050 Thread 0x0000021bdfe4fa40 Thread added: 0x0000021c22083b60
Event: 0.051 Thread 0x0000021bdfe4fa40 Thread added: 0x0000021c220856a0
Event: 0.095 Loaded shared library C:\Program Files\Java\jbr_jcef-21.0.5-windows-x64-b631.8\bin\jimage.dll
Event: 0.108 Loaded shared library C:\Users\11\AppData\Local\Temp\lwjgl_11\3.3.6+1\x64\lwjgl.dll
Event: 0.339 Thread 0x0000021c220856a0 Thread exited: 0x0000021c220856a0
Event: 0.344 Loaded shared library C:\Users\11\AppData\Local\Temp\lwjgl_11\3.3.6+1\x64\lwjgl_opengl.dll
Event: 0.345 Thread 0x0000021c22084900 Thread added: 0x0000021c22084fd0
Event: 0.345 Thread 0x0000021c22084900 Thread added: 0x0000021c220856a0


Dynamic libraries:
0x00007ff67e590000 - 0x00007ff67e59a000 	C:\Program Files\Java\jbr_jcef-21.0.5-windows-x64-b631.8\bin\java.exe
0x00007ffec7210000 - 0x00007ffec7408000 	C:\Windows\SYSTEM32\ntdll.dll
0x00007ffec5ba0000 - 0x00007ffec5c5f000 	C:\Windows\System32\KERNEL32.DLL
0x00007ffec4a80000 - 0x00007ffec4d76000 	C:\Windows\System32\KERNELBASE.dll
0x00007ffec4980000 - 0x00007ffec4a80000 	C:\Windows\System32\ucrtbase.dll
0x00007ffeb1ae0000 - 0x00007ffeb1af8000 	C:\Program Files\Java\jbr_jcef-21.0.5-windows-x64-b631.8\bin\jli.dll
0x00007ffe9fcd0000 - 0x00007ffe9fceb000 	C:\Program Files\Java\jbr_jcef-21.0.5-windows-x64-b631.8\bin\VCRUNTIME140.dll
0x00007ffec5c60000 - 0x00007ffec5dfd000 	C:\Windows\System32\USER32.dll
0x00007ffec4ef0000 - 0x00007ffec4f12000 	C:\Windows\System32\win32u.dll
0x00007ffeaf3f0000 - 0x00007ffeaf68a000 	C:\Windows\WinSxS\amd64_microsoft.windows.common-controls_6595b64144ccf1df_6.0.19041.1110_none_60b5254171f9507e\COMCTL32.dll
0x00007ffec5650000 - 0x00007ffec567c000 	C:\Windows\System32\GDI32.dll
0x00007ffec58c0000 - 0x00007ffec595e000 	C:\Windows\System32\msvcrt.dll
0x00007ffec50b0000 - 0x00007ffec51c5000 	C:\Windows\System32\gdi32full.dll
0x00007ffec51d0000 - 0x00007ffec526d000 	C:\Windows\System32\msvcp_win.dll
0x00007ffec6640000 - 0x00007ffec6670000 	C:\Windows\System32\IMM32.DLL
0x00007ffe9fcc0000 - 0x00007ffe9fccc000 	C:\Program Files\Java\jbr_jcef-21.0.5-windows-x64-b631.8\bin\vcruntime140_1.dll
0x00007ffe8d370000 - 0x00007ffe8d3fd000 	C:\Program Files\Java\jbr_jcef-21.0.5-windows-x64-b631.8\bin\msvcp140.dll
0x00007ffe543e0000 - 0x00007ffe551a1000 	C:\Program Files\Java\jbr_jcef-21.0.5-windows-x64-b631.8\bin\server\jvm.dll
0x00007ffec5480000 - 0x00007ffec552f000 	C:\Windows\System32\ADVAPI32.dll
0x00007ffec5960000 - 0x00007ffec59fc000 	C:\Windows\System32\sechost.dll
0x00007ffec6670000 - 0x00007ffec6796000 	C:\Windows\System32\RPCRT4.dll
0x00007ffec6cf0000 - 0x00007ffec6d5b000 	C:\Windows\System32\WS2_32.dll
0x00007ffec3e60000 - 0x00007ffec3eab000 	C:\Windows\SYSTEM32\POWRPROF.dll
0x00007ffeb4930000 - 0x00007ffeb4957000 	C:\Windows\SYSTEM32\WINMM.dll
0x00007ffebb0e0000 - 0x00007ffebb0ea000 	C:\Windows\SYSTEM32\VERSION.dll
0x00007ffec3cd0000 - 0x00007ffec3ce2000 	C:\Windows\SYSTEM32\UMPDC.dll
0x00007ffec2770000 - 0x00007ffec2782000 	C:\Windows\SYSTEM32\kernel.appcore.dll
0x00007ffe9fcb0000 - 0x00007ffe9fcba000 	C:\Program Files\Java\jbr_jcef-21.0.5-windows-x64-b631.8\bin\jimage.dll
0x00007ffeb2960000 - 0x00007ffeb2b44000 	C:\Windows\SYSTEM32\DBGHELP.DLL
0x00007ffe98270000 - 0x00007ffe982a4000 	C:\Windows\SYSTEM32\dbgcore.DLL
0x00007ffec48f0000 - 0x00007ffec4972000 	C:\Windows\System32\bcryptPrimitives.dll
0x00007ffe92980000 - 0x00007ffe929a0000 	C:\Program Files\Java\jbr_jcef-21.0.5-windows-x64-b631.8\bin\java.dll
0x00007ffec5e00000 - 0x00007ffec6544000 	C:\Windows\System32\SHELL32.dll
0x00007ffec2970000 - 0x00007ffec3103000 	C:\Windows\SYSTEM32\windows.storage.dll
0x00007ffec67a0000 - 0x00007ffec6af4000 	C:\Windows\System32\combase.dll
0x00007ffec4250000 - 0x00007ffec427e000 	C:\Windows\SYSTEM32\Wldp.dll
0x00007ffec6be0000 - 0x00007ffec6c8d000 	C:\Windows\System32\SHCORE.dll
0x00007ffec65e0000 - 0x00007ffec6635000 	C:\Windows\System32\shlwapi.dll
0x00007ffec4820000 - 0x00007ffec4845000 	C:\Windows\SYSTEM32\profapi.dll
0x00007ffe92910000 - 0x00007ffe92928000 	C:\Program Files\Java\jbr_jcef-21.0.5-windows-x64-b631.8\bin\zip.dll
0x00007ffe9fc90000 - 0x00007ffe9fca0000 	C:\Program Files\Java\jbr_jcef-21.0.5-windows-x64-b631.8\bin\net.dll
0x00007ffebe420000 - 0x00007ffebe52a000 	C:\Windows\SYSTEM32\WINHTTP.dll
0x00007ffec4030000 - 0x00007ffec409a000 	C:\Windows\system32\mswsock.dll
0x00007ffe92040000 - 0x00007ffe92056000 	C:\Program Files\Java\jbr_jcef-21.0.5-windows-x64-b631.8\bin\nio.dll
0x00007ffe98940000 - 0x00007ffe98950000 	C:\Program Files\Java\jbr_jcef-21.0.5-windows-x64-b631.8\bin\verify.dll
0x00007ffe9fd20000 - 0x00007ffe9fd9e000 	C:\Users\11\AppData\Local\Temp\lwjgl_11\3.3.6+1\x64\lwjgl.dll
0x00007ffe916d0000 - 0x00007ffe91759000 	C:\Users\11\AppData\Local\Temp\lwjgl_11\3.3.6+1\x64\glfw.dll
0x00007ffe7acd0000 - 0x00007ffe7ad15000 	C:\Windows\SYSTEM32\dinput8.dll
0x00007ffe84fb0000 - 0x00007ffe84fc1000 	C:\Windows\SYSTEM32\xinput1_4.dll
0x00007ffec4ea0000 - 0x00007ffec4eee000 	C:\Windows\System32\cfgmgr32.dll
0x00007ffec46a0000 - 0x00007ffec46d3000 	C:\Windows\SYSTEM32\DEVOBJ.dll
0x00007ffec2660000 - 0x00007ffec268f000 	C:\Windows\SYSTEM32\dwmapi.dll
0x00007ffe908b0000 - 0x00007ffe90a02000 	C:\Windows\SYSTEM32\inputhost.dll
0x00007ffec5a00000 - 0x00007ffec5acd000 	C:\Windows\System32\OLEAUT32.dll
0x00007ffec1360000 - 0x00007ffec14b4000 	C:\Windows\SYSTEM32\wintypes.dll
0x00007ffec0400000 - 0x00007ffec04f6000 	C:\Windows\SYSTEM32\PROPSYS.dll
0x00007ffec1a30000 - 0x00007ffec1d8e000 	C:\Windows\SYSTEM32\CoreUIComponents.dll
0x00007ffec1d90000 - 0x00007ffec1e82000 	C:\Windows\SYSTEM32\CoreMessaging.dll
0x00007ffec3980000 - 0x00007ffec39b3000 	C:\Windows\SYSTEM32\ntmarta.dll
0x00007ffec22a0000 - 0x00007ffec233e000 	C:\Windows\system32\uxtheme.dll
0x00007ffec5530000 - 0x00007ffec5644000 	C:\Windows\System32\MSCTF.dll
0x00007ffeabd20000 - 0x00007ffeabe45000 	C:\Windows\SYSTEM32\opengl32.dll
0x00007ffeab420000 - 0x00007ffeab44c000 	C:\Windows\SYSTEM32\GLU32.dll
0x00007ffec5af0000 - 0x00007ffec5b99000 	C:\Windows\System32\clbcatq.dll
0x00007ffe43540000 - 0x00007ffe45b25000 	C:\Windows\System32\DriverStore\FileRepository\nv_dispi.inf_amd64_5714f0dca6485379\nvoglv64.dll
0x00007ffec6d60000 - 0x00007ffec71ce000 	C:\Windows\System32\SETUPAPI.dll
0x00007ffec4f20000 - 0x00007ffec4f47000 	C:\Windows\System32\bcrypt.dll
0x00007ffec56f0000 - 0x00007ffec581a000 	C:\Windows\System32\ole32.dll
0x00007ffec0560000 - 0x00007ffec0574000 	C:\Windows\SYSTEM32\WTSAPI32.dll
0x00007ffec44c0000 - 0x00007ffec44d2000 	C:\Windows\SYSTEM32\msasn1.dll
0x00007ffebb080000 - 0x00007ffebb0b1000 	C:\Windows\SYSTEM32\cryptnet.dll
0x00007ffec4f50000 - 0x00007ffec50ae000 	C:\Windows\System32\CRYPT32.dll
0x00007ffec41c0000 - 0x00007ffec41cc000 	C:\Windows\SYSTEM32\cryptbase.dll
0x00007ffebadc0000 - 0x00007ffebaf08000 	C:\Windows\SYSTEM32\drvstore.dll
0x00007ffec4d80000 - 0x00007ffec4de7000 	C:\Windows\System32\WINTRUST.dll
0x00007ffec5ad0000 - 0x00007ffec5aed000 	C:\Windows\System32\imagehlp.dll
0x00007ffec4290000 - 0x00007ffec42a8000 	C:\Windows\SYSTEM32\CRYPTSP.dll
0x00007ffec38f0000 - 0x00007ffec3924000 	C:\Windows\system32\rsaenh.dll
0x00007ffeb8a50000 - 0x00007ffeba87f000 	C:\Windows\System32\DriverStore\FileRepository\nv_dispi.inf_amd64_5714f0dca6485379\nvgpucomp64.dll
0x00007ffebc3a0000 - 0x00007ffebc3db000 	C:\Windows\SYSTEM32\dxcore.dll
0x00007ffec3590000 - 0x00007ffec35eb000 	C:\Windows\SYSTEM32\WINSTA.dll
0x00007ffe93ba0000 - 0x00007ffe93c9a000 	C:\Windows\SYSTEM32\textinputframework.dll
0x00007ffe9fc30000 - 0x00007ffe9fc8d000 	C:\Users\11\AppData\Local\Temp\lwjgl_11\3.3.6+1\x64\lwjgl_opengl.dll

dbghelp: loaded successfully - version: 4.0.5 - missing functions: none
symbol engine: initialized successfully - sym options: 0x614 - pdb path: .;C:\Program Files\Java\jbr_jcef-21.0.5-windows-x64-b631.8\bin;C:\Windows\SYSTEM32;C:\Windows\WinSxS\amd64_microsoft.windows.common-controls_6595b64144ccf1df_6.0.19041.1110_none_60b5254171f9507e;C:\Program Files\Java\jbr_jcef-21.0.5-windows-x64-b631.8\bin\server;C:\Users\11\AppData\Local\Temp\lwjgl_11\3.3.6+1\x64;C:\Windows\System32\DriverStore\FileRepository\nv_dispi.inf_amd64_5714f0dca6485379

VM Arguments:
jvm_args: -Dfile.encoding=UTF-8 -Duser.country=RU -Duser.language=ru -Duser.variant 
java_command: dev.kofeychi.mcgui.test.BasicQuadApplication
java_class_path (initial): C:\Users\11\Documents\GitHub\mcgui\build\classes\java\main;C:\Users\11\Documents\GitHub\mcgui\build\resources\main;C:\Users\11\.gradle\caches\modules-2\files-2.1\com.google.code.gson\gson\2.10.1\b3add478d4382b78ea20b1671390a858002feb6c\gson-2.10.1.jar;C:\Users\11\.gradle\caches\modules-2\files-2.1\it.unimi.dsi\fastutil\8.5.18\a6cff377eecc19c2037bf31568a6d7106b50ba1f\fastutil-8.5.18.jar;C:\Users\11\.gradle\caches\modules-2\files-2.1\org.lwjgl\lwjgl-glfw\3.3.6\7119f7d0eeb1e5502ff0ca71d2b4d47317da015\lwjgl-glfw-3.3.6.jar;C:\Users\11\.gradle\caches\modules-2\files-2.1\org.lwjgl\lwjgl-glfw\3.3.6\99ef08056feb9627f90425a4d2a22cd9fae8e39b\lwjgl-glfw-3.3.6-natives-windows.jar;C:\Users\11\.gradle\caches\modules-2\files-2.1\org.lwjgl\lwjgl-opengl\3.3.6\ac2532612a4df374e9a9282bcf8ce2573018ebbb\lwjgl-opengl-3.3.6.jar;C:\Users\11\.gradle\caches\modules-2\files-2.1\org.lwjgl\lwjgl-opengl\3.3.6\18dc639ebc94aa5202c2157f7490d28997b697c5\lwjgl-opengl-3.3.6-natives-windows.jar;C:\Users\11\.gradle\caches\modules-2\files-2.1\org.lwjgl\lwjgl-stb\3.3.6\e2d3739dcfe7b672b626ded66d94f6587083306e\lwjgl-stb-3.3.6.jar;C:\Users\11\.gradle\caches\modules-2\files-2.1\org.lwjgl\lwjgl-stb\3.3.6\334cf885b39e2db9070c39e70e65efb136435f10\lwjgl-stb-3.3.6-natives-windows.jar;C:\Users\11\.gradle\caches\modules-2\files-2.1\org.lwjgl\lwjgl\3.3.6\ce7721d30cfaf47feaed10213e0c43eb55c49d68\lwjgl-3.3.6.jar;C:\Users\11\.gradle\caches\modules-2\files-2.1\org.lwjgl\lwjgl\3.3.6\9a29b6a22fc5184604b8cb434ee5d5ecc4bfcbee\lwjgl-3.3.6-natives-windows.jar;C:\Users\11\.gradle\caches\modules-2\files-2.1\org.joml\joml\1.10.8\fc0a71dad90a2cf41d82a76156a0e700af8e4f8d\joml-1.10.8.jar;C:\Users\11\.gradle\caches\modules-2\files-2.1\org.jetbrains.kotlin\kotlin-stdlib-jdk8\1.8.20\73576ddf378c5b4f1f6b449fe6b119b8183fc078\kotlin-stdlib-jdk8-1.8.20.jar;C:\Users\11\.gradle\caches\modules-2\files-2.1\org.jetbrains.kotlin\kotlin-stdlib-jdk7\1.8.20\3aa51faf20aae8b31e1a4bc54f8370673d7b7df4\kotlin-stdlib-jdk7-1.8.20.jar;C:\Users\11\.gradle\caches\modules-2\files-2.1\org.jetbrains.kotlin\kotlin-stdlib\1.8.20\e72fc5e03ec6c064c678a6bd0d955c88d55b0c4a\kotlin-stdlib-1.8.20.jar;C:\Users\11\.gradle\caches\modules-2\files-2.1\org.jetbrains.kotlin\kotlin-stdlib-common\1.8.20\5eddaaf234c8c49d03eebeb6a14feb7f90faca71\kotlin-stdlib-common-1.8.20.jar;C:\Users\11\.gradle\caches\modules-2\files-2.1\org.jetbrains\annotations\13.0\919f0dfe192fb4e063e7dacadee7f8bb9a2672a9\annotations-13.0.jar
Launcher Type: SUN_STANDARD

[Global flags]
     intx CICompilerCount                          = 12                                        {product} {ergonomic}
     uint ConcGCThreads                            = 5                                         {product} {ergonomic}
     uint G1ConcRefinementThreads                  = 18                                        {product} {ergonomic}
   size_t G1HeapRegionSize                         = 4194304                                   {product} {ergonomic}
    uintx GCDrainStackTargetSize                   = 64                                        {product} {ergonomic}
   size_t InitialHeapSize                          = 536870912                                 {product} {ergonomic}
   size_t MarkStackSize                            = 4194304                                   {product} {ergonomic}
   size_t MaxHeapSize                              = 8573157376                                {product} {ergonomic}
   size_t MaxNewSize                               = 5142216704                                {product} {ergonomic}
   size_t MinHeapDeltaBytes                        = 4194304                                   {product} {ergonomic}
   size_t MinHeapSize                              = 8388608                                   {product} {ergonomic}
    uintx NonNMethodCodeHeapSize                   = 7602480                                {pd product} {ergonomic}
    uintx NonProfiledCodeHeapSize                  = 122027880                              {pd product} {ergonomic}
    uintx ProfiledCodeHeapSize                     = 122027880                              {pd product} {ergonomic}
    uintx ReservedCodeCacheSize                    = 251658240                              {pd product} {ergonomic}
     bool SegmentedCodeCache                       = true                                      {product} {ergonomic}
   size_t SoftMaxHeapSize                          = 8573157376                             {manageable} {ergonomic}
     bool UseCompressedOops                        = true                           {product lp64_product} {ergonomic}
     bool UseG1GC                                  = true                                      {product} {ergonomic}
     bool UseLargePagesIndividualAllocation        = false                                  {pd product} {ergonomic}

Logging:
Log output configuration:
 #0: stdout all=warning uptime,level,tags foldmultilines=false
 #1: stderr all=off uptime,level,tags foldmultilines=false

Environment Variables:
PATH=C:\Program Files\OpenSSH\OpenSSH-Win64;C:\Program Files\Common Files\Oracle\Java\javapath;C:\ProgramData\Oracle\Java\javapath;C:\Windows\system32;C:\Windows;C:\Windows\System32\Wbem;C:\Windows\System32\WindowsPowerShell\v1.0\;C:\Windows\System32\OpenSSH\;C:\Program Files (x86)\Microsoft SQL Server\160\Tools\Binn\;C:\Program Files\Microsoft SQL Server\160\Tools\Binn\;C:\Program Files\Microsoft SQL Server\Client SDK\ODBC\170\Tools\Binn\;C:\Program Files\Microsoft SQL Server\160\DTS\Binn\;C:\Users\11\AppData\Local\Microsoft\WindowsApps;C:\Users\11\AppData\Local\Programs\Microsoft VS Code\bin;C:\Users\11\AppData\Roaming\DevTools\;C:\Program Files (x86)\NVIDIA Corporation\PhysX\Common;C:\Program Files\Git\cmd;C:\Program Files\WorldPainter;C:\Program Files\Intel\WiFi\bin\;C:\Program Files\Common Files\Intel\WirelessCommon\;C:\Program Files\dotnet\;C:\Program Files\playit_gg\bin\;C:\Windows\System32\OpenSSH\;C:\Program Files\CMake\bin;C:\Program Files\Docker\Docker\resources\bin;C:\Program Files (x86)\Windows Kits\10\Windows Performance Toolkit\;C:\Program Files\nodejs\;C:\Users\11\AppData\Local\Programs\Python\Launcher\;C:\Users\11\.cargo\bin;C:\Users\11\scoop\shims;C:\Users\11\AppData\Local\Microsoft\WindowsApps;C:\Program Files\Intel\WiFi\bin\;C:\Program Files\Common Files\Intel\WirelessCommon\;C:\Users\11\AppData\Local\Microsoft\WinGet\Packages\Schniz.fnm_Microsoft.Winget.Source_8wekyb3d8bbwe;C:\Users\11\AppData\Local\GitHubDesktop\bin;C:\Users\11\AppData\Local\JetBrains\Toolbox\scripts;C:\Users\11\.dotnet\tools;C:\Users\11\AppData\Local\Programs\cursor\resources\app\bin;C:\Users\11\AppData\Local\Programs\Microsoft VS Code\bin;C:\Users\11\.local\bin;C:\Users\11\.lmstudio\bin;C:\Users\11\AppData\Roaming\npm;C:\Users\11\.dotnet\tools;C:\Program Files\RenderDoc;
USERNAME=11
OS=Windows_NT
PROCESSOR_IDENTIFIER=AMD64 Family 25 Model 33 Stepping 2, AuthenticAMD
TMP=C:\Users\11\AppData\Local\Temp
TEMP=C:\Users\11\AppData\Local\Temp




Periodic native trim disabled

JNI global refs:
JNI global refs: 27, weak refs: 0

JNI global refs memory usage: 835, weak refs: 833

Process memory usage:
Resident Set Size: 108408K (0% of 33476500K total physical memory with 14464708K free physical memory)

OOME stack traces (most recent first):
Classloader memory used:
Loader jdk.internal.loader.ClassLoaders$AppClassLoader                                 : 5481K
Loader bootstrap                                                                       : 2249K
Loader jdk.internal.loader.ClassLoaders$PlatformClassLoader                            : 40032B

---------------  S Y S T E M  ---------------

OS:
 Windows 10 , 64 bit Build 19041 (10.0.19041.3155)
OS uptime: 4 days 21:50 hours
Hyper-V role detected

CPU: total 24 (initial active 24) (24 cores per cpu, 2 threads per core) family 25 model 33 stepping 2 microcode 0x0, cx8, cmov, fxsr, ht, mmx, 3dnowpref, sse, sse2, sse3, ssse3, sse4a, sse4.1, sse4.2, popcnt, lzcnt, tsc, tscinvbit, avx, avx2, aes, erms, clmul, bmi1, bmi2, adx, sha, fma, vzeroupper, clflush, clflushopt, hv, rdtscp, rdpid, fsrm, f16c, cet_ss
Processor Information for all 24 processors :
  Max Mhz: 3701, Current Mhz: 3701, Mhz Limit: 3701

Memory: 4k page, system-wide physical 32691M (14125M free)
TotalPageFile size 32691M (AvailPageFile size 10095M)
current process WorkingSet (physical memory assigned to process): 105M, peak: 105M
current process commit charge ("private bytes"): 711M, peak: 713M

vm_info: OpenJDK 64-Bit Server VM (21.0.5+8-b631.8) for windows-amd64 JRE (21.0.5+8-b631.8), built on 2024-10-25 by "builduser" with MS VC++ 16.10 / 16.11 (VS2019)

END.
